#0 building with "desktop-linux" instance using docker driver

#1 [internal] load build definition from Dockerfile
#1 transferring dockerfile: 5.14kB 0.0s done
#1 DONE 0.1s

#2 [internal] load metadata for docker.io/library/python:3.11-slim-bookworm
#2 DONE 0.0s

#3 [internal] load metadata for docker.io/library/node:20-bookworm-slim
#3 DONE 0.0s

#4 [internal] load .dockerignore
#4 transferring context: 1.08kB 0.0s done
#4 DONE 0.1s

#5 [fastapi-builder 1/9] FROM docker.io/library/python:3.11-slim-bookworm
#5 DONE 0.0s

#6 [nextjs-builder 1/6] FROM docker.io/library/node:20-bookworm-slim
#6 DONE 0.0s

#7 [runtime  2/15] WORKDIR /app
#7 CACHED

#8 [internal] load build context
#8 transferring context: 38.02MB 4.9s
#8 transferring context: 44.77MB 5.8s done
#8 DONE 5.9s

#9 [runtime  3/15] RUN set -eux;     sed -i 's/deb.debian.org/mirrors.ustc.edu.cn/g' /etc/apt/sources.list.d/debian.sources ||     sed -i 's/deb.debian.org/mirrors.ustc.edu.cn/g' /etc/apt/sources.list;     sed -i 's|security.debian.org/debian-security|mirrors.ustc.edu.cn/debian-security|g' /etc/apt/sources.list.d/debian.sources ||     sed -i 's|security.debian.org/debian-security|mirrors.ustc.edu.cn/debian-security|g' /etc/apt/sources.list;     packages="ca-certificates curl nginx fontconfig imagemagick zstd";     if [ "true" = "true" ]; then packages="$packages libreoffice"; fi;     if [ "true" = "true" ]; then packages="$packages tesseract-ocr tesseract-ocr-eng"; fi;     apt-get update;     apt-get install -y --no-install-recommends $packages;     curl -fsSL https://deb.nodesource.com/setup_20.x | bash -;     apt-get install -y --no-install-recommends nodejs;     rm -rf /var/lib/apt/lists/*
#9 1.726 + sed -i s/deb.debian.org/mirrors.ustc.edu.cn/g /etc/apt/sources.list.d/debian.sources
#9 1.773 + sed -i s|security.debian.org/debian-security|mirrors.ustc.edu.cn/debian-security|g /etc/apt/sources.list.d/debian.sources
#9 1.784 + packages=ca-certificates curl nginx fontconfig imagemagick zstd
#9 1.784 + [ true = true ]
#9 1.784 + packages=ca-certificates curl nginx fontconfig imagemagick zstd libreoffice
#9 1.784 + [ true = true ]
#9 1.784 + packages=ca-certificates curl nginx fontconfig imagemagick zstd libreoffice tesseract-ocr tesseract-ocr-eng
#9 1.784 + apt-get update
#9 4.729 Get:1 http://mirrors.ustc.edu.cn/debian bookworm InRelease [151 kB]
#9 ...

#10 [nextjs-builder 2/6] WORKDIR /app/servers/nextjs
#10 CACHED

#11 [nextjs-builder 3/6] COPY electron/servers/nextjs/package.json electron/servers/nextjs/package-lock.json ./
#11 CACHED

#12 [assets-builder 3/8] RUN apt-get update && apt-get install -y --no-install-recommends       ca-certificates unzip     && rm -rf /var/lib/apt/lists/*
#12 CACHED

#13 [assets-builder 4/8] COPY package.json /app/
#13 CACHED

#14 [assets-builder 6/8] COPY electron/resources/document-extraction/liteparse_runner.mjs /app/document-extraction-liteparse/liteparse_runner.mjs
#14 CACHED

#15 [assets-builder 5/8] RUN mkdir -p /app/document-extraction-liteparse     && npm --prefix /app/document-extraction-liteparse init -y     && npm --prefix /app/document-extraction-liteparse install @llamaindex/liteparse@1.4.0 --omit=dev
#15 CACHED

#16 [assets-builder 2/8] WORKDIR /app
#16 CACHED

#17 [assets-builder 7/8] COPY scripts/sync-presentation-export.cjs /app/scripts/sync-presentation-export.cjs
#17 CACHED

#18 [fastapi-builder 7/9] RUN --mount=type=cache,target=/root/.cache/uv     uv pip install --python /opt/venv/bin/python --no-deps .
#18 CACHED

#19 [fastapi-builder 5/9] RUN --mount=type=cache,target=/root/.cache/uv     uv export --frozen --no-dev --no-emit-project -o /tmp/requirements.txt     && uv pip install --python /opt/venv/bin/python -r /tmp/requirements.txt
#19 CACHED

#20 [fastapi-builder 3/9] RUN python -m venv --without-pip /opt/venv     && pip install --no-cache-dir uv
#20 CACHED

#21 [fastapi-builder 6/9] COPY electron/servers/fastapi /app/servers/fastapi
#21 CACHED

#22 [fastapi-builder 4/9] COPY electron/servers/fastapi/pyproject.toml electron/servers/fastapi/uv.lock ./
#22 CACHED

#23 [fastapi-builder 2/9] WORKDIR /app/servers/fastapi
#23 CACHED

#24 [fastapi-builder 8/9] RUN --mount=type=cache,target=/root/.cache/uv     uv pip install --python /opt/venv/bin/python     "https://github.com/explosion/spacy-models/releases/download/en_core_web_sm-3.8.0/en_core_web_sm-3.8.0-py3-none-any.whl"
#24 CACHED

#25 [fastapi-builder 9/9] RUN --mount=type=cache,target=/root/.cache     /opt/venv/bin/python scripts/warm_fastembed_cache.py
#25 CACHED

#9 [runtime  3/15] RUN set -eux;     sed -i 's/deb.debian.org/mirrors.ustc.edu.cn/g' /etc/apt/sources.list.d/debian.sources ||     sed -i 's/deb.debian.org/mirrors.ustc.edu.cn/g' /etc/apt/sources.list;     sed -i 's|security.debian.org/debian-security|mirrors.ustc.edu.cn/debian-security|g' /etc/apt/sources.list.d/debian.sources ||     sed -i 's|security.debian.org/debian-security|mirrors.ustc.edu.cn/debian-security|g' /etc/apt/sources.list;     packages="ca-certificates curl nginx fontconfig imagemagick zstd";     if [ "true" = "true" ]; then packages="$packages libreoffice"; fi;     if [ "true" = "true" ]; then packages="$packages tesseract-ocr tesseract-ocr-eng"; fi;     apt-get update;     apt-get install -y --no-install-recommends $packages;     curl -fsSL https://deb.nodesource.com/setup_20.x | bash -;     apt-get install -y --no-install-recommends nodejs;     rm -rf /var/lib/apt/lists/*
#9 5.902 Get:2 http://mirrors.ustc.edu.cn/debian bookworm-updates InRelease [55.4 kB]
#9 ...

#26 [assets-builder 8/8] RUN node /app/scripts/sync-presentation-export.cjs --force     && chmod +x /app/presentation-export/py/convert-linux-x64     && cd /app/presentation-export     && npm init -y     && npm install "sharp@^0.34.5" --include=optional --omit=dev --no-fund --no-audit --no-package-lock
#26 0.853 [presentation-export] Downloading https://github.com/presenton/presenton-export/releases/download/v0.2.2/export-Linux-X64.zip
#26 ...

#27 [nextjs-builder 4/6] RUN --mount=type=cache,target=/root/.npm     npm ci
#27 ...

#9 [runtime  3/15] RUN set -eux;     sed -i 's/deb.debian.org/mirrors.ustc.edu.cn/g' /etc/apt/sources.list.d/debian.sources ||     sed -i 's/deb.debian.org/mirrors.ustc.edu.cn/g' /etc/apt/sources.list;     sed -i 's|security.debian.org/debian-security|mirrors.ustc.edu.cn/debian-security|g' /etc/apt/sources.list.d/debian.sources ||     sed -i 's|security.debian.org/debian-security|mirrors.ustc.edu.cn/debian-security|g' /etc/apt/sources.list;     packages="ca-certificates curl nginx fontconfig imagemagick zstd";     if [ "true" = "true" ]; then packages="$packages libreoffice"; fi;     if [ "true" = "true" ]; then packages="$packages tesseract-ocr tesseract-ocr-eng"; fi;     apt-get update;     apt-get install -y --no-install-recommends $packages;     curl -fsSL https://deb.nodesource.com/setup_20.x | bash -;     apt-get install -y --no-install-recommends nodejs;     rm -rf /var/lib/apt/lists/*
#9 7.112 Get:3 http://mirrors.ustc.edu.cn/debian-security bookworm-security InRelease [48.0 kB]
#9 16.20 Get:4 http://mirrors.ustc.edu.cn/debian bookworm/main amd64 Packages [8792 kB]
#9 26.70 Get:5 http://mirrors.ustc.edu.cn/debian bookworm-updates/main amd64 Packages [6924 B]
#9 29.02 Get:6 http://mirrors.ustc.edu.cn/debian-security bookworm-security/main amd64 Packages [297 kB]
#9 29.19 Fetched 9350 kB in 27s (344 kB/s)
#9 29.19 Reading package lists...
#9 33.00 + apt-get install -y --no-install-recommends ca-certificates curl nginx fontconfig imagemagick zstd libreoffice tesseract-ocr tesseract-ocr-eng
#9 33.02 Reading package lists...
#9 34.81 Building dependency tree...
#9 35.12 Reading state information...
#9 35.64 ca-certificates is already the newest version (20230311+deb12u1).
#9 35.64 The following additional packages will be installed:
#9 35.64   coinor-libcbc3 coinor-libcgl1 coinor-libclp1 coinor-libcoinmp1v5
#9 35.64   coinor-libcoinutils3v5 coinor-libosi1v5 dirmngr fontconfig-config
#9 35.64   fonts-dejavu-core fonts-opensymbol gnupg gnupg-l10n gnupg-utils gpg
#9 35.64   gpg-agent gpg-wks-client gpg-wks-server gpgconf gpgsm hicolor-icon-theme
#9 35.64   imagemagick-6-common imagemagick-6.q16 iproute2 iso-codes libabsl20220623
#9 35.65   libabw-0.1-1 libaom3 libarchive13 libassuan0 libavahi-client3
#9 35.65   libavahi-common-data libavahi-common3 libblas3 libboost-filesystem1.74.0
#9 35.65   libboost-iostreams1.74.0 libboost-locale1.74.0 libboost-thread1.74.0
#9 35.65   libbox2d2 libbpf1 libbrotli1 libbsd0 libcairo2 libcap2-bin libcdr-0.1-1
#9 35.65   libclucene-contribs1v5 libclucene-core1v5 libcolamd2 libcups2
#9 35.65   libcurl3-gnutls libcurl4 libdatrie1 libdav1d6 libdbus-1-3 libdconf1
#9 35.65   libde265-0 libdeflate0 libdw1 libe-book-0.1-1 libelf1 libeot0 libepoxy0
#9 35.65   libepubgen-0.1-1 libetonyek-0.1-1 libexpat1 libexttextcat-2.0-0
#9 35.65   libexttextcat-data libfftw3-double3 libfontconfig1 libfreehand-0.1-1
#9 35.65   libfreetype6 libfribidi0 libgfortran5 libgif7 libglib2.0-0 libgomp1
#9 35.65   libgpgme11 libgpgmepp6 libgraphite2-3 libgstreamer-plugins-base1.0-0
#9 35.65   libgstreamer1.0-0 libharfbuzz-icu0 libharfbuzz0b libheif1 libhunspell-1.7-0
#9 35.65   libhyphen0 libice6 libicu72 libjbig0 libjpeg62-turbo libksba8
#9 35.65   liblangtag-common liblangtag1 liblapack3 liblcms2-2 libldap-2.5-0 liblept5
#9 35.65   liblerc4 liblqr-1-0 libltdl7 libmagickcore-6.q16-6 libmagickwand-6.q16-6
#9 35.65   libmhash2 libmnl0 libmspub-0.1-1 libmwaw-0.3-3 libmythes-1.2-0 libnghttp2-14
#9 35.65   libnpth0 libnspr4 libnss3 libnuma1 libnumbertext-1.0-0 libnumbertext-data
#9 35.65   libodfgen-0.1-1 libopenjp2-7 liborc-0.4-0 liborcus-0.17-0
#9 35.65   liborcus-parser-0.17-0 libpagemaker-0.0-0 libpango-1.0-0 libpangocairo-1.0-0
#9 35.65   libpangoft2-1.0-0 libpixman-1-0 libpng16-16 libpoppler126 libpsl5
#9 35.65   libpython3-stdlib libpython3.11 libpython3.11-minimal libpython3.11-stdlib
#9 35.65   libquadmath0 libqxp-0.0-0 libraptor2-0 librasqal3 librdf0 libreoffice-base
#9 35.65   libreoffice-base-core libreoffice-base-drivers libreoffice-calc
#9 35.65   libreoffice-common libreoffice-core libreoffice-draw libreoffice-impress
#9 35.65   libreoffice-math libreoffice-report-builder-bin libreoffice-style-colibre
#9 35.65   libreoffice-writer librevenge-0.0-0 librtmp1 libsasl2-2 libsasl2-modules-db
#9 35.65   libsm6 libssh2-1 libstaroffice-0.0-0 libsuitesparseconfig5 libtesseract5
#9 35.65   libthai-data libthai0 libtiff6 libuno-cppu3 libuno-cppuhelpergcc3-3
#9 35.65   libuno-purpenvhelpergcc3-3 libuno-sal3 libuno-salhelpergcc3-3 libunwind8
#9 35.65   libvisio-0.1-1 libwebp7 libwebpdemux2 libwebpmux3 libwpd-0.10-10
#9 35.65   libwpg-0.3-3 libwps-0.4-4 libx11-6 libx11-data libx11-xcb1 libx265-199
#9 35.65   libxau6 libxcb-render0 libxcb-shm0 libxcb1 libxdmcp6 libxext6 libxinerama1
#9 35.65   libxml2 libxmlsec1 libxmlsec1-nss libxrandr2 libxrender1 libxslt1.1
#9 35.65   libxtables12 libyajl2 libzmf-0.0-0 libzxing2 lp-solve media-types
#9 35.65   nginx-common pinentry-curses python3 python3-minimal python3-uno python3.11
#9 35.65   python3.11-minimal sensible-utils tesseract-ocr-osd ucf uno-libs-private ure
#9 35.65   x11-common
#9 35.66 Suggested packages:
#9 35.66   dbus-user-session libpam-systemd pinentry-gnome3 tor parcimonie xloadimage
#9 35.66   scdaemon imagemagick-doc autotrace cups-bsd | lpr | lprng enscript ffmpeg
#9 35.66   gimp gnuplot grads graphviz groff-base hp2xx html2ps libwmf-bin mplayer
#9 35.66   povray radiance sane-utils texlive-base-bin transfig ufraw-batch xdg-utils
#9 35.66   iproute2-doc isoquery lrzip cups-common libfftw3-bin libfftw3-dev
#9 35.66   low-memory-monitor libvisual-0.4-plugins gstreamer1.0-tools liblcms2-utils
#9 35.66   libmagickcore-6.q16-6-extra raptor2-utils rasqal-utils librdf-storage-mysql
#9 35.66   librdf-storage-postgresql librdf-storage-sqlite librdf-storage-virtuoso
#9 35.66   redland-utils cups-bsd firefox-esr | thunderbird | firefox ghostscript gpa
#9 35.66   hunspell-dictionary hyphen-hyphenation-patterns libgl1 libreoffice-gnome
#9 35.66   | libreoffice-plasma libreoffice-grammarcheck libreoffice-help
#9 35.66   libreoffice-l10n libreoffice-librelogo myspell-dictionary mythes-thesaurus
#9 35.66   openclipart-libreoffice pstoedit unixodbc gstreamer1.0-plugins-base
#9 35.66   gstreamer1.0-plugins-good gstreamer1.0-plugins-ugly gstreamer1.0-plugins-bad
#9 35.66   gstreamer1.0-libav default-jre | java-runtime | java8-runtime | jre libsane1
#9 35.66   libofficebean-java libreoffice-report-builder libjtds-java
#9 35.66   libreoffice-sdbc-mysql | libmyodbc | libmariadb-java
#9 35.66   libreoffice-sdbc-postgresql | odbc-postgresql | libpg-java libsqliteodbc
#9 35.66   | tdsodbc | odbc-mdbtools ocl-icd-libopencl1 | mesa-opencl-icd
#9 35.66   | beignet-opencl-icd bluez fonts-crosextra-caladea fonts-crosextra-carlito
#9 35.66   libreoffice-java-common fcgiwrap nginx-doc ssl-cert pinentry-doc python3-doc
#9 35.66   python3-tk python3-venv python3.11-venv python3.11-doc binutils
#9 35.66   binfmt-support
#9 35.66 Recommended packages:
#9 35.66   libmagickcore-6.q16-6-extra ghostscript netpbm libatm1 libpam-cap dbus
#9 35.66   libglib2.0-data shared-mime-info xdg-user-dirs gstreamer1.0-plugins-base
#9 35.66   hunspell-en-us | hunspell-dictionary | myspell-dictionary libldap-common
#9 35.66   gsfonts poppler-data publicsuffix fonts-crosextra-caladea
#9 35.66   fonts-crosextra-carlito fonts-dejavu fonts-liberation fonts-liberation2
#9 35.66   fonts-linuxlibertine fonts-noto-core fonts-noto-extra fonts-noto-mono
#9 35.66   fonts-noto-ui-core fonts-sil-gentium-basic libreoffice-nlpsolver
#9 35.66   libreoffice-report-builder libreoffice-script-provider-bsh
#9 35.66   libreoffice-script-provider-js libreoffice-script-provider-python
#9 35.66   libreoffice-sdbc-mysql libreoffice-sdbc-postgresql
#9 35.66   libreoffice-wiki-publisher libreoffice-java-common default-jre
#9 35.66   | java-runtime | java8-runtime | jre libreoffice-sdbc-hsqldb
#9 35.66   libreoffice-sdbc-firebird fonts-liberation2 | ttf-mscorefonts-installer
#9 35.66   apparmor xdg-utils libpaper-utils gstreamer1.0-plugins-good
#9 35.66   gstreamer1.0-plugins-ugly gstreamer1.0-plugins-bad gstreamer1.0-libav
#9 35.66   libsasl2-modules
#9 36.93 The following NEW packages will be installed:
#9 36.93   coinor-libcbc3 coinor-libcgl1 coinor-libclp1 coinor-libcoinmp1v5
#9 36.93   coinor-libcoinutils3v5 coinor-libosi1v5 curl dirmngr fontconfig
#9 36.93   fontconfig-config fonts-dejavu-core fonts-opensymbol gnupg gnupg-l10n
#9 36.93   gnupg-utils gpg gpg-agent gpg-wks-client gpg-wks-server gpgconf gpgsm
#9 36.93   hicolor-icon-theme imagemagick imagemagick-6-common imagemagick-6.q16
#9 36.93   iproute2 iso-codes libabsl20220623 libabw-0.1-1 libaom3 libarchive13
#9 36.93   libassuan0 libavahi-client3 libavahi-common-data libavahi-common3 libblas3
#9 36.93   libboost-filesystem1.74.0 libboost-iostreams1.74.0 libboost-locale1.74.0
#9 36.93   libboost-thread1.74.0 libbox2d2 libbpf1 libbrotli1 libbsd0 libcairo2
#9 36.93   libcap2-bin libcdr-0.1-1 libclucene-contribs1v5 libclucene-core1v5
#9 36.93   libcolamd2 libcups2 libcurl3-gnutls libcurl4 libdatrie1 libdav1d6
#9 36.93   libdbus-1-3 libdconf1 libde265-0 libdeflate0 libdw1 libe-book-0.1-1 libelf1
#9 36.93   libeot0 libepoxy0 libepubgen-0.1-1 libetonyek-0.1-1 libexpat1
#9 36.93   libexttextcat-2.0-0 libexttextcat-data libfftw3-double3 libfontconfig1
#9 36.93   libfreehand-0.1-1 libfreetype6 libfribidi0 libgfortran5 libgif7 libglib2.0-0
#9 36.93   libgomp1 libgpgme11 libgpgmepp6 libgraphite2-3
#9 36.93   libgstreamer-plugins-base1.0-0 libgstreamer1.0-0 libharfbuzz-icu0
#9 36.93   libharfbuzz0b libheif1 libhunspell-1.7-0 libhyphen0 libice6 libicu72
#9 36.93   libjbig0 libjpeg62-turbo libksba8 liblangtag-common liblangtag1 liblapack3
#9 36.93   liblcms2-2 libldap-2.5-0 liblept5 liblerc4 liblqr-1-0 libltdl7
#9 36.93   libmagickcore-6.q16-6 libmagickwand-6.q16-6 libmhash2 libmnl0 libmspub-0.1-1
#9 36.93   libmwaw-0.3-3 libmythes-1.2-0 libnghttp2-14 libnpth0 libnspr4 libnss3
#9 36.94   libnuma1 libnumbertext-1.0-0 libnumbertext-data libodfgen-0.1-1 libopenjp2-7
#9 36.94   liborc-0.4-0 liborcus-0.17-0 liborcus-parser-0.17-0 libpagemaker-0.0-0
#9 36.94   libpango-1.0-0 libpangocairo-1.0-0 libpangoft2-1.0-0 libpixman-1-0
#9 36.94   libpng16-16 libpoppler126 libpsl5 libpython3-stdlib libpython3.11
#9 36.94   libpython3.11-minimal libpython3.11-stdlib libquadmath0 libqxp-0.0-0
#9 36.94   libraptor2-0 librasqal3 librdf0 libreoffice libreoffice-base
#9 36.94   libreoffice-base-core libreoffice-base-drivers libreoffice-calc
#9 36.94   libreoffice-common libreoffice-core libreoffice-draw libreoffice-impress
#9 36.94   libreoffice-math libreoffice-report-builder-bin libreoffice-style-colibre
#9 36.94   libreoffice-writer librevenge-0.0-0 librtmp1 libsasl2-2 libsasl2-modules-db
#9 36.94   libsm6 libssh2-1 libstaroffice-0.0-0 libsuitesparseconfig5 libtesseract5
#9 36.94   libthai-data libthai0 libtiff6 libuno-cppu3 libuno-cppuhelpergcc3-3
#9 36.94   libuno-purpenvhelpergcc3-3 libuno-sal3 libuno-salhelpergcc3-3 libunwind8
#9 36.94   libvisio-0.1-1 libwebp7 libwebpdemux2 libwebpmux3 libwpd-0.10-10
#9 36.94   libwpg-0.3-3 libwps-0.4-4 libx11-6 libx11-data libx11-xcb1 libx265-199
#9 36.94   libxau6 libxcb-render0 libxcb-shm0 libxcb1 libxdmcp6 libxext6 libxinerama1
#9 36.94   libxml2 libxmlsec1 libxmlsec1-nss libxrandr2 libxrender1 libxslt1.1
#9 36.94   libxtables12 libyajl2 libzmf-0.0-0 libzxing2 lp-solve media-types nginx
#9 36.94   nginx-common pinentry-curses python3 python3-minimal python3-uno python3.11
#9 36.94   python3.11-minimal sensible-utils tesseract-ocr tesseract-ocr-eng
#9 36.94   tesseract-ocr-osd ucf uno-libs-private ure x11-common zstd
#9 39.40 0 upgraded, 216 newly installed, 0 to remove and 0 not upgraded.
#9 39.40 Need to get 181 MB of archives.
#9 39.40 After this operation, 614 MB of additional disk space will be used.
#9 39.40 Get:1 http://mirrors.ustc.edu.cn/debian bookworm/main amd64 libgomp1 amd64 12.2.0-14+deb12u1 [116 kB]
#9 43.76 Get:2 http://mirrors.ustc.edu.cn/debian bookworm/main amd64 libfftw3-double3 amd64 3.3.10-1 [776 kB]
#9 45.81 Get:3 http://mirrors.ustc.edu.cn/debian bookworm/main amd64 libexpat1 amd64 2.5.0-1+deb12u2 [99.9 kB]
#9 48.65 Get:4 http://mirrors.ustc.edu.cn/debian bookworm/main amd64 libbrotli1 amd64 1.0.9-2+b6 [275 kB]
#9 52.53 Get:5 http://mirrors.ustc.edu.cn/debian-security bookworm-security/main amd64 libpng16-16 amd64 1.6.39-2+deb12u4 [276 kB]
#9 56.97 Get:6 http://mirrors.ustc.edu.cn/debian bookworm/main amd64 libfreetype6 amd64 2.12.1+dfsg-5+deb12u4 [398 kB]
#9 65.26 Get:7 http://mirrors.ustc.edu.cn/debian bookworm/main amd64 fonts-dejavu-core all 2.37-6 [1068 kB]
#9 71.56 Get:8 http://mirrors.ustc.edu.cn/debian bookworm/main amd64 fontconfig-config amd64 2.14.1-4 [315 kB]
#9 78.33 Get:9 http://mirrors.ustc.edu.cn/debian bookworm/main amd64 libfontconfig1 amd64 2.14.1-4 [386 kB]
#9 95.44 Get:10 http://mirrors.ustc.edu.cn/debian bookworm/main amd64 libaom3 amd64 3.6.0-1+deb12u2 [1850 kB]
#9 ...

#26 [assets-builder 8/8] RUN node /app/scripts/sync-presentation-export.cjs --force     && chmod +x /app/presentation-export/py/convert-linux-x64     && cd /app/presentation-export     && npm init -y     && npm install "sharp@^0.34.5" --include=optional --omit=dev --no-fund --no-audit --no-package-lock
#26 104.5 [presentation-export] Extracting /app/.cache/presentation-export/export-Linux-X64.zip
#26 105.3 Archive:  /app/.cache/presentation-export/export-Linux-X64.zip
#26 105.3   inflating: /app/.cache/presentation-export/extract-1777362266937/index.js  
#26 105.8   inflating: /app/.cache/presentation-export/extract-1777362266937/py/convert-linux-x64  
#26 110.4 [presentation-export] Synced successfully:
#26 110.4   - release: v0.2.2
#26 110.4   - url: https://github.com/presenton/presenton-export/releases/download/v0.2.2/export-Linux-X64.zip
#26 110.4   - /app/presentation-export/index.cjs
#26 110.4   - /app/presentation-export/py/convert-linux-x64
#26 115.4 Wrote to /app/presentation-export/package.json:
#26 115.4 
#26 115.4 {
#26 115.4   "name": "presentation-export",
#26 115.4   "version": "1.0.0",
#26 115.4   "main": "index.js",
#26 115.4   "scripts": {
#26 115.4     "test": "echo \"Error: no test specified\" && exit 1"
#26 115.4   },
#26 115.4   "keywords": [],
#26 115.4   "author": "",
#26 115.4   "license": "ISC",
#26 115.4   "description": ""
#26 115.4 }
#26 115.4 
#26 115.4 
#26 115.4 
#26 ...

#9 [runtime  3/15] RUN set -eux;     sed -i 's/deb.debian.org/mirrors.ustc.edu.cn/g' /etc/apt/sources.list.d/debian.sources ||     sed -i 's/deb.debian.org/mirrors.ustc.edu.cn/g' /etc/apt/sources.list;     sed -i 's|security.debian.org/debian-security|mirrors.ustc.edu.cn/debian-security|g' /etc/apt/sources.list.d/debian.sources ||     sed -i 's|security.debian.org/debian-security|mirrors.ustc.edu.cn/debian-security|g' /etc/apt/sources.list;     packages="ca-certificates curl nginx fontconfig imagemagick zstd";     if [ "true" = "true" ]; then packages="$packages libreoffice"; fi;     if [ "true" = "true" ]; then packages="$packages tesseract-ocr tesseract-ocr-eng"; fi;     apt-get update;     apt-get install -y --no-install-recommends $packages;     curl -fsSL https://deb.nodesource.com/setup_20.x | bash -;     apt-get install -y --no-install-recommends nodejs;     rm -rf /var/lib/apt/lists/*
#9 114.7 Get:11 http://mirrors.ustc.edu.cn/debian bookworm/main amd64 libdav1d6 amd64 1.0.0-2+deb12u1 [513 kB]
#9 117.3 Get:12 http://mirrors.ustc.edu.cn/debian bookworm/main amd64 libde265-0 amd64 1.0.11-1+deb12u2 [185 kB]
#9 118.9 Get:13 http://mirrors.ustc.edu.cn/debian bookworm/main amd64 libnuma1 amd64 2.0.16-1 [21.0 kB]
#9 125.6 Get:14 http://mirrors.ustc.edu.cn/debian bookworm/main amd64 libx265-199 amd64 3.5-2+b1 [1150 kB]
#9 129.4 Get:15 http://mirrors.ustc.edu.cn/debian bookworm/main amd64 libheif1 amd64 1.15.1-1+deb12u1 [215 kB]
#9 131.3 Get:16 http://mirrors.ustc.edu.cn/debian bookworm/main amd64 libjbig0 amd64 2.1-6.1 [31.7 kB]
#9 134.0 Get:17 http://mirrors.ustc.edu.cn/debian bookworm/main amd64 libjpeg62-turbo amd64 1:2.1.5-2 [166 kB]
#9 135.8 Get:18 http://mirrors.ustc.edu.cn/debian bookworm/main amd64 liblcms2-2 amd64 2.14-2 [154 kB]
#9 140.9 Get:19 http://mirrors.ustc.edu.cn/debian bookworm/main amd64 libglib2.0-0 amd64 2.74.6-2+deb12u8 [1402 kB]
#9 143.7 Get:20 http://mirrors.ustc.edu.cn/debian bookworm/main amd64 liblqr-1-0 amd64 0.4.2-2.1 [29.1 kB]
#9 146.6 Get:21 http://mirrors.ustc.edu.cn/debian bookworm/main amd64 libltdl7 amd64 2.4.7-7~deb12u1 [393 kB]
#9 148.6 Get:22 http://mirrors.ustc.edu.cn/debian bookworm/main amd64 libopenjp2-7 amd64 2.5.0-2+deb12u2 [189 kB]
#9 150.2 Get:23 http://mirrors.ustc.edu.cn/debian bookworm/main amd64 libdeflate0 amd64 1.14-1 [61.4 kB]
#9 152.6 Get:24 http://mirrors.ustc.edu.cn/debian bookworm/main amd64 liblerc4 amd64 4.0.0+ds-2 [170 kB]
#9 160.7 Get:25 http://mirrors.ustc.edu.cn/debian bookworm/main amd64 libwebp7 amd64 1.2.4-0.2+deb12u1 [286 kB]
#9 164.5 Get:26 http://mirrors.ustc.edu.cn/debian-security bookworm-security/main amd64 libtiff6 amd64 4.5.0-6+deb12u4 [316 kB]
#9 166.4 Get:27 http://mirrors.ustc.edu.cn/debian bookworm/main amd64 libwebpdemux2 amd64 1.2.4-0.2+deb12u1 [99.4 kB]
#9 168.9 Get:28 http://mirrors.ustc.edu.cn/debian bookworm/main amd64 libwebpmux3 amd64 1.2.4-0.2+deb12u1 [109 kB]
#9 170.5 Get:29 http://mirrors.ustc.edu.cn/debian bookworm/main amd64 libxau6 amd64 1:1.0.9-1 [19.7 kB]
#9 172.4 Get:30 http://mirrors.ustc.edu.cn/debian bookworm/main amd64 libbsd0 amd64 0.11.7-2 [117 kB]
#9 174.1 Get:31 http://mirrors.ustc.edu.cn/debian bookworm/main amd64 libxdmcp6 amd64 1:1.1.2-3 [26.3 kB]
#9 176.5 Get:32 http://mirrors.ustc.edu.cn/debian bookworm/main amd64 libxcb1 amd64 1.15-1 [144 kB]
#9 183.7 Get:33 http://mirrors.ustc.edu.cn/debian bookworm/main amd64 libx11-data all 2:1.8.4-2+deb12u2 [292 kB]
#9 187.6 Get:34 http://mirrors.ustc.edu.cn/debian bookworm/main amd64 libx11-6 amd64 2:1.8.4-2+deb12u2 [760 kB]
#9 189.6 Get:35 http://mirrors.ustc.edu.cn/debian bookworm/main amd64 libxext6 amd64 2:1.3.4-1+b1 [52.9 kB]
#9 203.0 Get:36 http://mirrors.ustc.edu.cn/debian bookworm/main amd64 libicu72 amd64 72.1-3+deb12u1 [9376 kB]
#9 206.3 Get:37 http://mirrors.ustc.edu.cn/debian bookworm/main amd64 libxml2 amd64 2.9.14+dfsg-1.3~deb12u5 [688 kB]
#9 209.3 Get:38 http://mirrors.ustc.edu.cn/debian-security bookworm-security/main amd64 imagemagick-6-common all 8:6.9.11.60+dfsg-1.6+deb12u8 [172 kB]
#9 220.7 Get:39 http://mirrors.ustc.edu.cn/debian-security bookworm-security/main amd64 libmagickcore-6.q16-6 amd64 8:6.9.11.60+dfsg-1.6+deb12u8 [1804 kB]
#9 223.5 Get:40 http://mirrors.ustc.edu.cn/debian-security bookworm-security/main amd64 libmagickwand-6.q16-6 amd64 8:6.9.11.60+dfsg-1.6+deb12u8 [415 kB]
#9 226.6 Get:41 http://mirrors.ustc.edu.cn/debian bookworm/main amd64 fontconfig amd64 2.14.1-4 [449 kB]
#9 228.4 Get:42 http://mirrors.ustc.edu.cn/debian bookworm/main amd64 fonts-opensymbol all 4:102.12+LibO7.4.7-1+deb12u10 [114 kB]
#9 258.6 Ign:43 http://mirrors.ustc.edu.cn/debian bookworm/main amd64 libreoffice-style-colibre all 4:7.4.7-1+deb12u10
#9 262.2 Get:44 http://mirrors.ustc.edu.cn/debian bookworm/main amd64 libuno-sal3 amd64 4:7.4.7-1+deb12u10 [196 kB]
#9 264.1 Get:45 http://mirrors.ustc.edu.cn/debian bookworm/main amd64 libuno-salhelpergcc3-3 amd64 4:7.4.7-1+deb12u10 [38.3 kB]
#9 266.1 Get:46 http://mirrors.ustc.edu.cn/debian bookworm/main amd64 libuno-cppu3 amd64 4:7.4.7-1+deb12u10 [102 kB]
#9 268.8 Get:47 http://mirrors.ustc.edu.cn/debian bookworm/main amd64 uno-libs-private amd64 4:7.4.7-1+deb12u10 [228 kB]
#9 271.5 Get:48 http://mirrors.ustc.edu.cn/debian bookworm/main amd64 liblangtag-common all 0.6.4-2 [191 kB]
#9 273.1 Get:49 http://mirrors.ustc.edu.cn/debian bookworm/main amd64 liblangtag1 amd64 0.6.4-2 [51.5 kB]
#9 275.9 Get:50 http://mirrors.ustc.edu.cn/debian bookworm/main amd64 libuno-cppuhelpergcc3-3 amd64 4:7.4.7-1+deb12u10 [298 kB]
#9 278.4 Get:51 http://mirrors.ustc.edu.cn/debian bookworm/main amd64 libuno-purpenvhelpergcc3-3 amd64 4:7.4.7-1+deb12u10 [37.4 kB]
#9 283.9 Get:52 http://mirrors.ustc.edu.cn/debian bookworm/main amd64 ure amd64 4:7.4.7-1+deb12u10 [1228 kB]
#9 285.9 Get:53 http://mirrors.ustc.edu.cn/debian bookworm/main amd64 sensible-utils all 0.0.17+nmu1 [19.0 kB]
#9 288.6 Get:54 http://mirrors.ustc.edu.cn/debian bookworm/main amd64 ucf all 3.0043+nmu1+deb12u1 [55.3 kB]
#9 291.5 Get:55 http://mirrors.ustc.edu.cn/debian bookworm/main amd64 libnumbertext-data all 1.0.11-1 [70.2 kB]
#9 321.6 Ign:56 http://mirrors.ustc.edu.cn/debian bookworm/main amd64 libreoffice-common all 4:7.4.7-1+deb12u10
#9 327.4 Get:57 http://mirrors.ustc.edu.cn/debian bookworm/main amd64 libabsl20220623 amd64 20220623.1-1+deb12u2 [391 kB]
#9 330.6 Get:58 http://mirrors.ustc.edu.cn/debian bookworm/main amd64 libboost-thread1.74.0 amd64 1.74.0+ds1-21 [257 kB]
#9 333.5 Get:59 http://mirrors.ustc.edu.cn/debian bookworm/main amd64 libboost-locale1.74.0 amd64 1.74.0+ds1-21 [449 kB]
#9 336.1 Get:60 http://mirrors.ustc.edu.cn/debian bookworm/main amd64 libpixman-1-0 amd64 0.42.2-1 [546 kB]
#9 338.0 Get:61 http://mirrors.ustc.edu.cn/debian bookworm/main amd64 libxcb-render0 amd64 1.15-1 [115 kB]
#9 340.6 Get:62 http://mirrors.ustc.edu.cn/debian bookworm/main amd64 libxcb-shm0 amd64 1.15-1 [105 kB]
#9 342.7 Get:63 http://mirrors.ustc.edu.cn/debian bookworm/main amd64 libxrender1 amd64 1:0.9.10-1.1 [33.2 kB]
#9 345.6 Get:64 http://mirrors.ustc.edu.cn/debian bookworm/main amd64 libcairo2 amd64 1.16.0-7 [575 kB]
#9 349.8 Get:65 http://mirrors.ustc.edu.cn/debian bookworm/main amd64 libclucene-core1v5 amd64 2.3.3.4+dfsg-1.1 [489 kB]
#9 352.2 Get:66 http://mirrors.ustc.edu.cn/debian bookworm/main amd64 libclucene-contribs1v5 amd64 2.3.3.4+dfsg-1.1 [85.7 kB]
#9 355.7 Get:67 http://mirrors.ustc.edu.cn/debian bookworm/main amd64 libavahi-common-data amd64 0.8-10+deb12u1 [107 kB]
#9 359.2 Get:68 http://mirrors.ustc.edu.cn/debian bookworm/main amd64 libavahi-common3 amd64 0.8-10+deb12u1 [42.1 kB]
#9 361.8 Get:69 http://mirrors.ustc.edu.cn/debian bookworm/main amd64 libdbus-1-3 amd64 1.14.10-1~deb12u1 [201 kB]
#9 364.5 Get:70 http://mirrors.ustc.edu.cn/debian bookworm/main amd64 libavahi-client3 amd64 0.8-10+deb12u1 [45.8 kB]
#9 367.5 Get:71 http://mirrors.ustc.edu.cn/debian bookworm/main amd64 libcups2 amd64 2.4.2-3+deb12u9 [245 kB]
#9 369.8 Get:72 http://mirrors.ustc.edu.cn/debian bookworm/main amd64 libsasl2-modules-db amd64 2.1.28+dfsg-10 [20.3 kB]
#9 374.7 Get:73 http://mirrors.ustc.edu.cn/debian bookworm/main amd64 libsasl2-2 amd64 2.1.28+dfsg-10 [59.7 kB]
#9 378.3 Get:74 http://mirrors.ustc.edu.cn/debian bookworm/main amd64 libldap-2.5-0 amd64 2.5.13+dfsg-5 [183 kB]
#9 380.0 Get:75 http://mirrors.ustc.edu.cn/debian bookworm/main amd64 libnghttp2-14 amd64 1.52.0-1+deb12u2 [73.0 kB]
#9 381.9 Get:76 http://mirrors.ustc.edu.cn/debian bookworm/main amd64 libpsl5 amd64 0.21.2-1 [58.7 kB]
#9 385.0 Get:77 http://mirrors.ustc.edu.cn/debian bookworm/main amd64 librtmp1 amd64 2.4+20151223.gitfa8646d.1-2+b2 [60.8 kB]
#9 ...

#27 [nextjs-builder 4/6] RUN --mount=type=cache,target=/root/.npm     npm ci
#27 381.1 
#27 381.1 added 894 packages, and audited 895 packages in 6m
#27 381.1 
#27 381.1 141 packages are looking for funding
#27 381.1   run `npm fund` for details
#27 381.2 
#27 381.2 25 vulnerabilities (17 moderate, 7 high, 1 critical)
#27 381.2 
#27 381.2 To address issues that do not require attention, run:
#27 381.2   npm audit fix
#27 381.2 
#27 381.2 To address all issues (including breaking changes), run:
#27 381.2   npm audit fix --force
#27 381.2 
#27 381.2 Run `npm audit` for details.
#27 ...

#9 [runtime  3/15] RUN set -eux;     sed -i 's/deb.debian.org/mirrors.ustc.edu.cn/g' /etc/apt/sources.list.d/debian.sources ||     sed -i 's/deb.debian.org/mirrors.ustc.edu.cn/g' /etc/apt/sources.list;     sed -i 's|security.debian.org/debian-security|mirrors.ustc.edu.cn/debian-security|g' /etc/apt/sources.list.d/debian.sources ||     sed -i 's|security.debian.org/debian-security|mirrors.ustc.edu.cn/debian-security|g' /etc/apt/sources.list;     packages="ca-certificates curl nginx fontconfig imagemagick zstd";     if [ "true" = "true" ]; then packages="$packages libreoffice"; fi;     if [ "true" = "true" ]; then packages="$packages tesseract-ocr tesseract-ocr-eng"; fi;     apt-get update;     apt-get install -y --no-install-recommends $packages;     curl -fsSL https://deb.nodesource.com/setup_20.x | bash -;     apt-get install -y --no-install-recommends nodejs;     rm -rf /var/lib/apt/lists/*
#9 387.9 Get:78 http://mirrors.ustc.edu.cn/debian bookworm/main amd64 libssh2-1 amd64 1.10.0-3+b1 [179 kB]
#9 391.9 Get:79 http://mirrors.ustc.edu.cn/debian bookworm/main amd64 libcurl3-gnutls amd64 7.88.1-10+deb12u14 [386 kB]
#9 396.3 Get:80 http://mirrors.ustc.edu.cn/debian bookworm/main amd64 libdconf1 amd64 0.40.0-4 [40.9 kB]
#9 ...

#27 [nextjs-builder 4/6] RUN --mount=type=cache,target=/root/.npm     npm ci
#27 DONE 391.2s

#9 [runtime  3/15] RUN set -eux;     sed -i 's/deb.debian.org/mirrors.ustc.edu.cn/g' /etc/apt/sources.list.d/debian.sources ||     sed -i 's/deb.debian.org/mirrors.ustc.edu.cn/g' /etc/apt/sources.list;     sed -i 's|security.debian.org/debian-security|mirrors.ustc.edu.cn/debian-security|g' /etc/apt/sources.list.d/debian.sources ||     sed -i 's|security.debian.org/debian-security|mirrors.ustc.edu.cn/debian-security|g' /etc/apt/sources.list;     packages="ca-certificates curl nginx fontconfig imagemagick zstd";     if [ "true" = "true" ]; then packages="$packages libreoffice"; fi;     if [ "true" = "true" ]; then packages="$packages tesseract-ocr tesseract-ocr-eng"; fi;     apt-get update;     apt-get install -y --no-install-recommends $packages;     curl -fsSL https://deb.nodesource.com/setup_20.x | bash -;     apt-get install -y --no-install-recommends nodejs;     rm -rf /var/lib/apt/lists/*
#9 ...

#28 [nextjs-builder 5/6] COPY electron/servers/nextjs /app/servers/nextjs
#28 ...

#9 [runtime  3/15] RUN set -eux;     sed -i 's/deb.debian.org/mirrors.ustc.edu.cn/g' /etc/apt/sources.list.d/debian.sources ||     sed -i 's/deb.debian.org/mirrors.ustc.edu.cn/g' /etc/apt/sources.list;     sed -i 's|security.debian.org/debian-security|mirrors.ustc.edu.cn/debian-security|g' /etc/apt/sources.list.d/debian.sources ||     sed -i 's|security.debian.org/debian-security|mirrors.ustc.edu.cn/debian-security|g' /etc/apt/sources.list;     packages="ca-certificates curl nginx fontconfig imagemagick zstd";     if [ "true" = "true" ]; then packages="$packages libreoffice"; fi;     if [ "true" = "true" ]; then packages="$packages tesseract-ocr tesseract-ocr-eng"; fi;     apt-get update;     apt-get install -y --no-install-recommends $packages;     curl -fsSL https://deb.nodesource.com/setup_20.x | bash -;     apt-get install -y --no-install-recommends nodejs;     rm -rf /var/lib/apt/lists/*
#9 399.2 Get:81 http://mirrors.ustc.edu.cn/debian bookworm/main amd64 libeot0 amd64 0.01-5+b1 [27.1 kB]
#9 402.2 Get:82 http://mirrors.ustc.edu.cn/debian bookworm/main amd64 libepoxy0 amd64 1.5.10-1 [189 kB]
#9 408.8 Get:83 http://mirrors.ustc.edu.cn/debian bookworm/main amd64 libexttextcat-data all 3.4.5-1 [164 kB]
#9 411.1 Get:84 http://mirrors.ustc.edu.cn/debian bookworm/main amd64 libexttextcat-2.0-0 amd64 3.4.5-1 [15.9 kB]
#9 413.8 Get:85 http://mirrors.ustc.edu.cn/debian bookworm/main amd64 libassuan0 amd64 2.5.5-5 [48.5 kB]
#9 417.5 Get:86 http://mirrors.ustc.edu.cn/debian bookworm/main amd64 gpgconf amd64 2.2.40-1.1+deb12u2 [565 kB]
#9 419.6 Get:87 http://mirrors.ustc.edu.cn/debian bookworm/main amd64 libksba8 amd64 1.6.3-2 [128 kB]
#9 421.5 Get:88 http://mirrors.ustc.edu.cn/debian bookworm/main amd64 libnpth0 amd64 1.6-3 [19.0 kB]
#9 426.2 Get:89 http://mirrors.ustc.edu.cn/debian bookworm/main amd64 dirmngr amd64 2.2.40-1.1+deb12u2 [793 kB]
#9 437.6 Get:90 http://mirrors.ustc.edu.cn/debian bookworm/main amd64 gnupg-l10n all 2.2.40-1.1+deb12u2 [1093 kB]
#9 ...

#28 [nextjs-builder 5/6] COPY electron/servers/nextjs /app/servers/nextjs
#28 DONE 44.5s

#29 [nextjs-builder 6/6] RUN npm run build     && rm -rf .next-build/cache
#29 2.010 
#29 2.010 > presenton@0.1.0 build
#29 2.010 > next build
#29 2.010 
#29 4.253   ▲ Next.js 14.2.31
#29 4.254   - Environments: .env.local
#29 4.255   - Experiments (use with caution):
#29 4.255     · instrumentationHook
#29 4.255 
#29 4.302    Creating an optimized production build ...
#29 ...

#9 [runtime  3/15] RUN set -eux;     sed -i 's/deb.debian.org/mirrors.ustc.edu.cn/g' /etc/apt/sources.list.d/debian.sources ||     sed -i 's/deb.debian.org/mirrors.ustc.edu.cn/g' /etc/apt/sources.list;     sed -i 's|security.debian.org/debian-security|mirrors.ustc.edu.cn/debian-security|g' /etc/apt/sources.list.d/debian.sources ||     sed -i 's|security.debian.org/debian-security|mirrors.ustc.edu.cn/debian-security|g' /etc/apt/sources.list;     packages="ca-certificates curl nginx fontconfig imagemagick zstd";     if [ "true" = "true" ]; then packages="$packages libreoffice"; fi;     if [ "true" = "true" ]; then packages="$packages tesseract-ocr tesseract-ocr-eng"; fi;     apt-get update;     apt-get install -y --no-install-recommends $packages;     curl -fsSL https://deb.nodesource.com/setup_20.x | bash -;     apt-get install -y --no-install-recommends nodejs;     rm -rf /var/lib/apt/lists/*
#9 443.7 Get:91 http://mirrors.ustc.edu.cn/debian bookworm/main amd64 gnupg-utils amd64 2.2.40-1.1+deb12u2 [927 kB]
#9 447.6 Get:92 http://mirrors.ustc.edu.cn/debian bookworm/main amd64 gpg amd64 2.2.40-1.1+deb12u2 [950 kB]
#9 449.9 Get:93 http://mirrors.ustc.edu.cn/debian bookworm/main amd64 pinentry-curses amd64 1.2.1-1 [77.4 kB]
#9 454.7 Get:94 http://mirrors.ustc.edu.cn/debian bookworm/main amd64 gpg-agent amd64 2.2.40-1.1+deb12u2 [695 kB]
#9 457.9 Get:95 http://mirrors.ustc.edu.cn/debian bookworm/main amd64 gpg-wks-client amd64 2.2.40-1.1+deb12u2 [541 kB]
#9 461.2 Get:96 http://mirrors.ustc.edu.cn/debian bookworm/main amd64 gpg-wks-server amd64 2.2.40-1.1+deb12u2 [531 kB]
#9 466.0 Get:97 http://mirrors.ustc.edu.cn/debian bookworm/main amd64 gpgsm amd64 2.2.40-1.1+deb12u2 [671 kB]
#9 471.9 Get:98 http://mirrors.ustc.edu.cn/debian bookworm/main amd64 gnupg all 2.2.40-1.1+deb12u2 [846 kB]
#9 474.9 Get:99 http://mirrors.ustc.edu.cn/debian bookworm/main amd64 libgpgme11 amd64 1.18.0-3+b1 [300 kB]
#9 478.2 Get:100 http://mirrors.ustc.edu.cn/debian bookworm/main amd64 libgpgmepp6 amd64 1.18.0-3+b1 [293 kB]
#9 480.7 Get:101 http://mirrors.ustc.edu.cn/debian bookworm/main amd64 libgraphite2-3 amd64 1.3.14-1 [81.2 kB]
#9 484.2 Get:102 http://mirrors.ustc.edu.cn/debian bookworm/main amd64 libelf1 amd64 0.188-2.1 [174 kB]
#9 486.7 Get:103 http://mirrors.ustc.edu.cn/debian bookworm/main amd64 libdw1 amd64 0.188-2.1 [235 kB]
#9 489.8 Get:104 http://mirrors.ustc.edu.cn/debian bookworm/main amd64 libunwind8 amd64 1.6.2-3 [51.2 kB]
#9 492.3 Get:105 http://mirrors.ustc.edu.cn/debian bookworm/main amd64 libcap2-bin amd64 1:2.66-4+deb12u2+b2 [35.2 kB]
#9 500.1 Get:106 http://mirrors.ustc.edu.cn/debian bookworm/main amd64 libgstreamer1.0-0 amd64 1.22.0-2+deb12u1 [1170 kB]
#9 505.8 Get:107 http://mirrors.ustc.edu.cn/debian bookworm/main amd64 liborc-0.4-0 amd64 1:0.4.33-2 [164 kB]
#9 534.7 Get:108 http://mirrors.ustc.edu.cn/debian bookworm/main amd64 iso-codes all 4.15.0-1 [2906 kB]
#9 542.0 Get:109 http://mirrors.ustc.edu.cn/debian-security bookworm-security/main amd64 libgstreamer-plugins-base1.0-0 amd64 1.22.0-3+deb12u6 [934 kB]
#9 550.9 Get:110 http://mirrors.ustc.edu.cn/debian bookworm/main amd64 libharfbuzz0b amd64 6.0.0+dfsg-3 [1945 kB]
#9 560.2 Get:111 http://mirrors.ustc.edu.cn/debian bookworm/main amd64 libharfbuzz-icu0 amd64 6.0.0+dfsg-3 [1557 kB]
#9 563.0 Get:112 http://mirrors.ustc.edu.cn/debian bookworm/main amd64 libhunspell-1.7-0 amd64 1.7.1-1 [193 kB]
#9 566.1 Get:113 http://mirrors.ustc.edu.cn/debian bookworm/main amd64 libhyphen0 amd64 2.8.8-7 [32.5 kB]
#9 570.1 Get:114 http://mirrors.ustc.edu.cn/debian bookworm/main amd64 x11-common all 1:7.7+23 [252 kB]
#9 575.3 Get:115 http://mirrors.ustc.edu.cn/debian bookworm/main amd64 libice6 amd64 2:1.0.10-1 [58.5 kB]
#9 577.7 Get:116 http://mirrors.ustc.edu.cn/debian bookworm/main amd64 libmythes-1.2-0 amd64 2:1.2.5-1 [11.1 kB]
#9 580.1 Get:117 http://mirrors.ustc.edu.cn/debian bookworm/main amd64 libnspr4 amd64 2:4.35-1 [113 kB]
#9 585.9 Get:118 http://mirrors.ustc.edu.cn/debian-security bookworm-security/main amd64 libnss3 amd64 2:3.87.1-1+deb12u2 [1332 kB]
#9 587.9 Get:119 http://mirrors.ustc.edu.cn/debian bookworm/main amd64 libnumbertext-1.0-0 amd64 1.0.11-1 [106 kB]
#9 590.5 Get:120 http://mirrors.ustc.edu.cn/debian bookworm/main amd64 libboost-filesystem1.74.0 amd64 1.74.0+ds1-21 [258 kB]
#9 593.3 Get:121 http://mirrors.ustc.edu.cn/debian bookworm/main amd64 libboost-iostreams1.74.0 amd64 1.74.0+ds1-21 [240 kB]
#9 595.3 Get:122 http://mirrors.ustc.edu.cn/debian bookworm/main amd64 liborcus-parser-0.17-0 amd64 0.17.2-2+b2 [111 kB]
#9 598.2 Get:123 http://mirrors.ustc.edu.cn/debian bookworm/main amd64 liborcus-0.17-0 amd64 0.17.2-2+b2 [383 kB]
#9 604.5 Get:124 http://mirrors.ustc.edu.cn/debian bookworm/main amd64 libpoppler126 amd64 22.12.0-2+deb12u1 [1853 kB]
#9 609.2 Get:125 http://mirrors.ustc.edu.cn/debian bookworm/main amd64 libxslt1.1 amd64 1.1.35-1+deb12u3 [231 kB]
#9 610.7 Get:126 http://mirrors.ustc.edu.cn/debian bookworm/main amd64 libyajl2 amd64 2.1.0-3+deb12u2 [23.0 kB]
#9 612.7 Get:127 http://mirrors.ustc.edu.cn/debian bookworm/main amd64 libraptor2-0 amd64 2.0.15-4+deb12u1 [160 kB]
#9 615.0 Get:128 http://mirrors.ustc.edu.cn/debian bookworm/main amd64 libmhash2 amd64 0.9.9.9-9 [94.2 kB]
#9 617.5 Get:129 http://mirrors.ustc.edu.cn/debian bookworm/main amd64 librasqal3 amd64 0.9.33-2 [191 kB]
#9 619.8 Get:130 http://mirrors.ustc.edu.cn/debian bookworm/main amd64 librdf0 amd64 1.0.17-3 [105 kB]
#9 622.4 Get:131 http://mirrors.ustc.edu.cn/debian bookworm/main amd64 librevenge-0.0-0 amd64 0.0.5-3 [287 kB]
#9 623.8 Get:132 http://mirrors.ustc.edu.cn/debian bookworm/main amd64 libsm6 amd64 2:1.2.3-1 [35.1 kB]
#9 625.8 Get:133 http://mirrors.ustc.edu.cn/debian bookworm/main amd64 libx11-xcb1 amd64 2:1.8.4-2+deb12u2 [192 kB]
#9 627.2 Get:134 http://mirrors.ustc.edu.cn/debian bookworm/main amd64 libxinerama1 amd64 2:1.1.4-3 [17.8 kB]
#9 629.6 Get:135 http://mirrors.ustc.edu.cn/debian bookworm/main amd64 libxmlsec1 amd64 1.2.37-2 [153 kB]
#9 631.9 Get:136 http://mirrors.ustc.edu.cn/debian bookworm/main amd64 libxmlsec1-nss amd64 1.2.37-2 [64.8 kB]
#9 633.7 Get:137 http://mirrors.ustc.edu.cn/debian bookworm/main amd64 libxrandr2 amd64 2:1.5.2-2+b1 [39.2 kB]
#9 637.1 Get:138 http://mirrors.ustc.edu.cn/debian bookworm/main amd64 libzxing2 amd64 1.4.0-3+b1 [601 kB]
#9 667.2 Ign:139 http://mirrors.ustc.edu.cn/debian bookworm/main amd64 libreoffice-core amd64 4:7.4.7-1+deb12u10
#9 672.0 Get:140 http://mirrors.ustc.edu.cn/debian bookworm/main amd64 libreoffice-base-core amd64 4:7.4.7-1+deb12u10 [799 kB]
#9 675.1 Get:141 http://mirrors.ustc.edu.cn/debian bookworm/main amd64 libreoffice-base-drivers amd64 4:7.4.7-1+deb12u10 [545 kB]
#9 ...

#26 [assets-builder 8/8] RUN node /app/scripts/sync-presentation-export.cjs --force     && chmod +x /app/presentation-export/py/convert-linux-x64     && cd /app/presentation-export     && npm init -y     && npm install "sharp@^0.34.5" --include=optional --omit=dev --no-fund --no-audit --no-package-lock
#26 673.8 
#26 673.8 added 6 packages in 9m
#26 DONE 674.0s

#29 [nextjs-builder 6/6] RUN npm run build     && rm -rf .next-build/cache
#29 ...

#9 [runtime  3/15] RUN set -eux;     sed -i 's/deb.debian.org/mirrors.ustc.edu.cn/g' /etc/apt/sources.list.d/debian.sources ||     sed -i 's/deb.debian.org/mirrors.ustc.edu.cn/g' /etc/apt/sources.list;     sed -i 's|security.debian.org/debian-security|mirrors.ustc.edu.cn/debian-security|g' /etc/apt/sources.list.d/debian.sources ||     sed -i 's|security.debian.org/debian-security|mirrors.ustc.edu.cn/debian-security|g' /etc/apt/sources.list;     packages="ca-certificates curl nginx fontconfig imagemagick zstd";     if [ "true" = "true" ]; then packages="$packages libreoffice"; fi;     if [ "true" = "true" ]; then packages="$packages tesseract-ocr tesseract-ocr-eng"; fi;     apt-get update;     apt-get install -y --no-install-recommends $packages;     curl -fsSL https://deb.nodesource.com/setup_20.x | bash -;     apt-get install -y --no-install-recommends nodejs;     rm -rf /var/lib/apt/lists/*
#9 685.3 Get:142 http://mirrors.ustc.edu.cn/debian bookworm/main amd64 libreoffice-base amd64 4:7.4.7-1+deb12u10 [1417 kB]
#9 ...

#29 [nextjs-builder 6/6] RUN npm run build     && rm -rf .next-build/cache
#29 249.8  ✓ Compiled successfully
#29 249.8    Linting and checking validity of types ...
#29 ...

#9 [runtime  3/15] RUN set -eux;     sed -i 's/deb.debian.org/mirrors.ustc.edu.cn/g' /etc/apt/sources.list.d/debian.sources ||     sed -i 's/deb.debian.org/mirrors.ustc.edu.cn/g' /etc/apt/sources.list;     sed -i 's|security.debian.org/debian-security|mirrors.ustc.edu.cn/debian-security|g' /etc/apt/sources.list.d/debian.sources ||     sed -i 's|security.debian.org/debian-security|mirrors.ustc.edu.cn/debian-security|g' /etc/apt/sources.list;     packages="ca-certificates curl nginx fontconfig imagemagick zstd";     if [ "true" = "true" ]; then packages="$packages libreoffice"; fi;     if [ "true" = "true" ]; then packages="$packages tesseract-ocr tesseract-ocr-eng"; fi;     apt-get update;     apt-get install -y --no-install-recommends $packages;     curl -fsSL https://deb.nodesource.com/setup_20.x | bash -;     apt-get install -y --no-install-recommends nodejs;     rm -rf /var/lib/apt/lists/*
#9 700.0 Get:143 http://mirrors.ustc.edu.cn/debian bookworm/main amd64 libpython3.11-minimal amd64 3.11.2-6+deb12u6 [817 kB]
#9 710.2 Get:144 http://mirrors.ustc.edu.cn/debian bookworm/main amd64 python3.11-minimal amd64 3.11.2-6+deb12u6 [2064 kB]
#9 712.3 Get:145 http://mirrors.ustc.edu.cn/debian bookworm/main amd64 python3-minimal amd64 3.11.2-1+b1 [26.3 kB]
#9 713.7 Get:146 http://mirrors.ustc.edu.cn/debian bookworm/main amd64 media-types all 10.0.0 [26.1 kB]
#9 728.6 Get:147 http://mirrors.ustc.edu.cn/debian bookworm/main amd64 libpython3.11-stdlib amd64 3.11.2-6+deb12u6 [1798 kB]
#9 732.3 Get:148 http://mirrors.ustc.edu.cn/debian bookworm/main amd64 python3.11 amd64 3.11.2-6+deb12u6 [573 kB]
#9 733.3 Get:149 http://mirrors.ustc.edu.cn/debian bookworm/main amd64 libpython3-stdlib amd64 3.11.2-1+b1 [9312 B]
#9 735.1 Get:150 http://mirrors.ustc.edu.cn/debian bookworm/main amd64 python3 amd64 3.11.2-1+b1 [26.3 kB]
#9 736.9 Get:151 http://mirrors.ustc.edu.cn/debian bookworm/main amd64 libbpf1 amd64 1:1.1.2-0+deb12u1 [145 kB]
#9 738.1 Get:152 http://mirrors.ustc.edu.cn/debian bookworm/main amd64 libmnl0 amd64 1.0.4-3 [12.5 kB]
#9 739.4 Get:153 http://mirrors.ustc.edu.cn/debian bookworm/main amd64 libxtables12 amd64 1.8.9-2 [30.8 kB]
#9 ...

#29 [nextjs-builder 6/6] RUN npm run build     && rm -rf .next-build/cache
#29 300.4    Collecting page data ...
#29 ...

#9 [runtime  3/15] RUN set -eux;     sed -i 's/deb.debian.org/mirrors.ustc.edu.cn/g' /etc/apt/sources.list.d/debian.sources ||     sed -i 's/deb.debian.org/mirrors.ustc.edu.cn/g' /etc/apt/sources.list;     sed -i 's|security.debian.org/debian-security|mirrors.ustc.edu.cn/debian-security|g' /etc/apt/sources.list.d/debian.sources ||     sed -i 's|security.debian.org/debian-security|mirrors.ustc.edu.cn/debian-security|g' /etc/apt/sources.list;     packages="ca-certificates curl nginx fontconfig imagemagick zstd";     if [ "true" = "true" ]; then packages="$packages libreoffice"; fi;     if [ "true" = "true" ]; then packages="$packages tesseract-ocr tesseract-ocr-eng"; fi;     apt-get update;     apt-get install -y --no-install-recommends $packages;     curl -fsSL https://deb.nodesource.com/setup_20.x | bash -;     apt-get install -y --no-install-recommends nodejs;     rm -rf /var/lib/apt/lists/*
#9 749.4 Get:154 http://mirrors.ustc.edu.cn/debian bookworm/main amd64 iproute2 amd64 6.1.0-3 [1046 kB]
#9 751.5 Get:155 http://mirrors.ustc.edu.cn/debian bookworm/main amd64 libblas3 amd64 3.11.0-2 [149 kB]
#9 753.3 Get:156 http://mirrors.ustc.edu.cn/debian bookworm/main amd64 libquadmath0 amd64 12.2.0-14+deb12u1 [145 kB]
#9 757.1 Get:157 http://mirrors.ustc.edu.cn/debian bookworm/main amd64 libgfortran5 amd64 12.2.0-14+deb12u1 [793 kB]
#9 ...

#29 [nextjs-builder 6/6] RUN npm run build     && rm -rf .next-build/cache
#29 310.8    Generating static pages (0/28) ...
#29 311.0 
#29 311.0    Generating static pages (7/28) 
#29 320.2    Generating static pages (14/28) 
#29 321.2    Generating static pages (21/28) 
#29 321.3  ✓ Generating static pages (28/28)
#29 322.4    Finalizing page optimization ...
#29 322.4    Collecting build traces ...
#29 ...

#9 [runtime  3/15] RUN set -eux;     sed -i 's/deb.debian.org/mirrors.ustc.edu.cn/g' /etc/apt/sources.list.d/debian.sources ||     sed -i 's/deb.debian.org/mirrors.ustc.edu.cn/g' /etc/apt/sources.list;     sed -i 's|security.debian.org/debian-security|mirrors.ustc.edu.cn/debian-security|g' /etc/apt/sources.list.d/debian.sources ||     sed -i 's|security.debian.org/debian-security|mirrors.ustc.edu.cn/debian-security|g' /etc/apt/sources.list;     packages="ca-certificates curl nginx fontconfig imagemagick zstd";     if [ "true" = "true" ]; then packages="$packages libreoffice"; fi;     if [ "true" = "true" ]; then packages="$packages tesseract-ocr tesseract-ocr-eng"; fi;     apt-get update;     apt-get install -y --no-install-recommends $packages;     curl -fsSL https://deb.nodesource.com/setup_20.x | bash -;     apt-get install -y --no-install-recommends nodejs;     rm -rf /var/lib/apt/lists/*
#9 764.9 Get:158 http://mirrors.ustc.edu.cn/debian bookworm/main amd64 liblapack3 amd64 3.11.0-2 [2323 kB]
#9 768.1 Get:159 http://mirrors.ustc.edu.cn/debian bookworm/main amd64 coinor-libcoinutils3v5 amd64 2.11.4+repack1-2 [440 kB]
#9 771.5 Get:160 http://mirrors.ustc.edu.cn/debian bookworm/main amd64 coinor-libosi1v5 amd64 0.108.6+repack1-2 [276 kB]
#9 775.9 Get:161 http://mirrors.ustc.edu.cn/debian bookworm/main amd64 coinor-libclp1 amd64 1.17.6-3 [843 kB]
#9 780.0 Get:162 http://mirrors.ustc.edu.cn/debian bookworm/main amd64 coinor-libcgl1 amd64 0.60.3+repack1-4 [409 kB]
#9 784.6 Get:163 http://mirrors.ustc.edu.cn/debian bookworm/main amd64 coinor-libcbc3 amd64 2.10.8+ds1-1 [715 kB]
#9 786.2 Get:164 http://mirrors.ustc.edu.cn/debian bookworm/main amd64 coinor-libcoinmp1v5 amd64 1.8.3-3 [31.6 kB]
#9 788.7 Get:165 http://mirrors.ustc.edu.cn/debian bookworm/main amd64 libcurl4 amd64 7.88.1-10+deb12u14 [392 kB]
#9 791.8 Get:166 http://mirrors.ustc.edu.cn/debian bookworm/main amd64 curl amd64 7.88.1-10+deb12u14 [316 kB]
#9 793.0 Get:167 http://mirrors.ustc.edu.cn/debian bookworm/main amd64 hicolor-icon-theme all 0.17-2 [11.4 kB]
#9 796.6 Get:168 http://mirrors.ustc.edu.cn/debian-security bookworm-security/main amd64 imagemagick-6.q16 amd64 8:6.9.11.60+dfsg-1.6+deb12u8 [345 kB]
#9 798.6 Get:169 http://mirrors.ustc.edu.cn/debian-security bookworm-security/main amd64 imagemagick amd64 8:6.9.11.60+dfsg-1.6+deb12u8 [128 kB]
#9 801.7 Get:170 http://mirrors.ustc.edu.cn/debian bookworm/main amd64 libabw-0.1-1 amd64 0.1.3-1 [128 kB]
#9 804.4 Get:171 http://mirrors.ustc.edu.cn/debian bookworm/main amd64 libarchive13 amd64 3.6.2-1+deb12u3 [343 kB]
#9 806.4 Get:172 http://mirrors.ustc.edu.cn/debian bookworm/main amd64 libbox2d2 amd64 2.4.1-3 [97.1 kB]
#9 809.4 Get:173 http://mirrors.ustc.edu.cn/debian bookworm/main amd64 libcdr-0.1-1 amd64 0.1.6-2+b2 [392 kB]
#9 810.9 Get:174 http://mirrors.ustc.edu.cn/debian bookworm/main amd64 libsuitesparseconfig5 amd64 1:5.12.0+dfsg-2 [23.9 kB]
#9 812.8 Get:175 http://mirrors.ustc.edu.cn/debian bookworm/main amd64 libcolamd2 amd64 1:5.12.0+dfsg-2 [32.9 kB]
#9 814.5 Get:176 http://mirrors.ustc.edu.cn/debian bookworm/main amd64 libdatrie1 amd64 0.2.13-2+b1 [43.3 kB]
#9 816.6 Get:177 http://mirrors.ustc.edu.cn/debian bookworm/main amd64 libe-book-0.1-1 amd64 0.1.3-2+b2 [198 kB]
#9 818.8 Get:178 http://mirrors.ustc.edu.cn/debian bookworm/main amd64 libepubgen-0.1-1 amd64 0.1.1-1 [153 kB]
#9 822.7 Get:179 http://mirrors.ustc.edu.cn/debian bookworm/main amd64 libetonyek-0.1-1 amd64 0.1.10-3+b1 [803 kB]
#9 825.2 Get:180 http://mirrors.ustc.edu.cn/debian bookworm/main amd64 libfreehand-0.1-1 amd64 0.1.2-3 [267 kB]
#9 826.9 Get:181 http://mirrors.ustc.edu.cn/debian bookworm/main amd64 libfribidi0 amd64 1.0.8-2.1 [65.0 kB]
#9 ...

#29 [nextjs-builder 6/6] RUN npm run build     && rm -rf .next-build/cache
#29 386.5 
#29 386.6 Route (app)                              Size     First Load JS
#29 386.6 ┌ ○ /                                    16.8 kB         350 kB
#29 386.6 ├ ○ /_not-found                          345 B           159 kB
#29 386.6 ├ ○ /api/can-change-keys                 0 B                0 B
#29 386.6 ├ ○ /api/has-required-key                0 B                0 B
#29 386.6 ├ ƒ /api/read-file                       0 B                0 B
#29 386.6 ├ ƒ /api/save-layout                     0 B                0 B
#29 386.6 ├ ○ /api/telemetry-status                0 B                0 B
#29 386.6 ├ ƒ /api/template                        0 B                0 B
#29 386.6 ├ ○ /api/templates                       0 B                0 B
#29 386.6 ├ ƒ /api/upload-image                    0 B                0 B
#29 386.6 ├ ƒ /api/user-config                     0 B                0 B
#29 386.6 ├ ○ /apple-icon.png                      0 B                0 B
#29 386.6 ├ ○ /custom-template                     216 kB         1.43 MB
#29 386.6 ├ ○ /dashboard                           4.92 kB        1.58 MB
#29 386.6 ├ ○ /documents-preview                   8.85 kB         330 kB
#29 386.6 ├ ○ /icon1.svg                           0 B                0 B
#29 386.6 ├ ○ /icon2.png                           0 B                0 B
#29 386.6 ├ ○ /outline                             8.89 kB        1.59 MB
#29 386.6 ├ ○ /pdf-maker                           3.76 kB        1.55 MB
#29 386.6 ├ ○ /presentation                        21.9 kB        1.61 MB
#29 386.6 ├ ○ /schema                              2.57 kB        1.24 MB
#29 386.6 ├ ○ /settings                            16 kB           352 kB
#29 386.6 ├ ○ /template-preview                    4.41 kB        1.36 MB
#29 386.6 ├ ○ /templates                           6.95 kB        1.35 MB
#29 386.6 ├ ○ /theme                               16.5 kB         637 kB
#29 386.6 └ ○ /upload                              15.3 kB         353 kB
#29 386.6 + First Load JS shared by all            159 kB
#29 386.6   ├ chunks/7893-e74adc297f94b552.js      102 kB
#29 386.6   ├ chunks/fd9d1056-c2001db20366b359.js  53.8 kB
#29 386.6   └ other shared chunks (total)          2.76 kB
#29 386.6 
#29 386.6 
#29 386.6 ○  (Static)   prerendered as static content
#29 386.6 ƒ  (Dynamic)  server-rendered on demand
#29 386.6 
#29 387.4 npm notice
#29 387.4 npm notice New major version of npm available! 10.8.2 -> 11.13.0
#29 387.4 npm notice Changelog: https://github.com/npm/cli/releases/tag/v11.13.0
#29 387.4 npm notice To update run: npm install -g npm@11.13.0
#29 387.4 npm notice
#29 DONE 388.3s

#9 [runtime  3/15] RUN set -eux;     sed -i 's/deb.debian.org/mirrors.ustc.edu.cn/g' /etc/apt/sources.list.d/debian.sources ||     sed -i 's/deb.debian.org/mirrors.ustc.edu.cn/g' /etc/apt/sources.list;     sed -i 's|security.debian.org/debian-security|mirrors.ustc.edu.cn/debian-security|g' /etc/apt/sources.list.d/debian.sources ||     sed -i 's|security.debian.org/debian-security|mirrors.ustc.edu.cn/debian-security|g' /etc/apt/sources.list;     packages="ca-certificates curl nginx fontconfig imagemagick zstd";     if [ "true" = "true" ]; then packages="$packages libreoffice"; fi;     if [ "true" = "true" ]; then packages="$packages tesseract-ocr tesseract-ocr-eng"; fi;     apt-get update;     apt-get install -y --no-install-recommends $packages;     curl -fsSL https://deb.nodesource.com/setup_20.x | bash -;     apt-get install -y --no-install-recommends nodejs;     rm -rf /var/lib/apt/lists/*
#9 828.5 Get:182 http://mirrors.ustc.edu.cn/debian bookworm/main amd64 libgif7 amd64 5.2.1-2.5 [46.9 kB]
#9 833.2 Get:183 http://mirrors.ustc.edu.cn/debian bookworm/main amd64 liblept5 amd64 1.82.0-3+b3 [1050 kB]
#9 836.3 Get:184 http://mirrors.ustc.edu.cn/debian bookworm/main amd64 libmspub-0.1-1 amd64 0.1.4-3+b3 [174 kB]
#9 847.9 Get:185 http://mirrors.ustc.edu.cn/debian bookworm/main amd64 libmwaw-0.3-3 amd64 0.3.21-1 [2606 kB]
#9 851.2 Get:186 http://mirrors.ustc.edu.cn/debian bookworm/main amd64 libodfgen-0.1-1 amd64 0.1.8-2 [293 kB]
#9 853.5 Get:187 http://mirrors.ustc.edu.cn/debian bookworm/main amd64 libpagemaker-0.0-0 amd64 0.0.4-1 [79.6 kB]
#9 855.7 Get:188 http://mirrors.ustc.edu.cn/debian bookworm/main amd64 libthai-data all 0.1.29-1 [176 kB]
#9 857.7 Get:189 http://mirrors.ustc.edu.cn/debian bookworm/main amd64 libthai0 amd64 0.1.29-1 [57.5 kB]
#9 860.1 Get:190 http://mirrors.ustc.edu.cn/debian bookworm/main amd64 libpango-1.0-0 amd64 1.50.12+ds-1 [212 kB]
#9 863.4 Get:191 http://mirrors.ustc.edu.cn/debian bookworm/main amd64 libpangoft2-1.0-0 amd64 1.50.12+ds-1 [47.4 kB]
#9 865.4 Get:192 http://mirrors.ustc.edu.cn/debian bookworm/main amd64 libpangocairo-1.0-0 amd64 1.50.12+ds-1 [34.2 kB]
#9 873.5 Get:193 http://mirrors.ustc.edu.cn/debian bookworm/main amd64 libpython3.11 amd64 3.11.2-6+deb12u6 [1987 kB]
#9 876.0 Get:194 http://mirrors.ustc.edu.cn/debian bookworm/main amd64 libqxp-0.0-0 amd64 0.0.2-1+b3 [125 kB]
#9 879.0 Get:195 http://mirrors.ustc.edu.cn/debian bookworm/main amd64 lp-solve amd64 5.5.2.5-2 [293 kB]
#9 884.1 Get:196 http://mirrors.ustc.edu.cn/debian bookworm/main amd64 libstaroffice-0.0-0 amd64 0.0.7-1 [728 kB]
#9 888.5 Get:197 http://mirrors.ustc.edu.cn/debian bookworm/main amd64 libwps-0.4-4 amd64 0.4.13-1 [886 kB]
#9 918.7 Ign:198 http://mirrors.ustc.edu.cn/debian bookworm/main amd64 libreoffice-calc amd64 4:7.4.7-1+deb12u10
#9 922.6 Get:199 http://mirrors.ustc.edu.cn/debian bookworm/main amd64 libvisio-0.1-1 amd64 0.1.7-1+b3 [304 kB]
#9 925.9 Get:200 http://mirrors.ustc.edu.cn/debian bookworm/main amd64 libwpd-0.10-10 amd64 0.10.3-2+b1 [261 kB]
#9 927.7 Get:201 http://mirrors.ustc.edu.cn/debian bookworm/main amd64 libwpg-0.3-3 amd64 0.3.3-1 [76.3 kB]
#9 929.7 Get:202 http://mirrors.ustc.edu.cn/debian bookworm/main amd64 libzmf-0.0-0 amd64 0.0.2-1+b5 [84.2 kB]
#9 942.3 Get:203 http://mirrors.ustc.edu.cn/debian bookworm/main amd64 libreoffice-draw amd64 4:7.4.7-1+deb12u10 [2703 kB]
#9 952.7 Get:204 http://mirrors.ustc.edu.cn/debian bookworm/main amd64 libreoffice-impress amd64 4:7.4.7-1+deb12u10 [1117 kB]
#9 957.0 Get:205 http://mirrors.ustc.edu.cn/debian bookworm/main amd64 libreoffice-math amd64 4:7.4.7-1+deb12u10 [540 kB]
#9 961.2 Get:206 http://mirrors.ustc.edu.cn/debian bookworm/main amd64 libreoffice-report-builder-bin amd64 4:7.4.7-1+deb12u10 [827 kB]
#9 991.3 Ign:207 http://mirrors.ustc.edu.cn/debian bookworm/main amd64 libreoffice-writer amd64 4:7.4.7-1+deb12u10
#9 995.3 Get:208 http://mirrors.ustc.edu.cn/debian bookworm/main amd64 python3-uno amd64 4:7.4.7-1+deb12u10 [159 kB]
#9 996.7 Get:209 http://mirrors.ustc.edu.cn/debian bookworm/main amd64 libreoffice amd64 4:7.4.7-1+deb12u10 [35.4 kB]
#9 1003.8 Get:210 http://mirrors.ustc.edu.cn/debian bookworm/main amd64 libtesseract5 amd64 5.3.0-2 [1279 kB]
#9 1006.6 Get:211 http://mirrors.ustc.edu.cn/debian-security bookworm-security/main amd64 nginx-common all 1.22.1-9+deb12u4 [113 kB]
#9 1010.6 Get:212 http://mirrors.ustc.edu.cn/debian-security bookworm-security/main amd64 nginx amd64 1.22.1-9+deb12u4 [528 kB]
#9 1017.5 Get:213 http://mirrors.ustc.edu.cn/debian bookworm/main amd64 tesseract-ocr-eng all 1:4.1.0-2 [1594 kB]
#9 1030.0 Get:214 http://mirrors.ustc.edu.cn/debian bookworm/main amd64 tesseract-ocr-osd all 1:4.1.0-2 [2992 kB]
#9 1036.0 Get:215 http://mirrors.ustc.edu.cn/debian bookworm/main amd64 tesseract-ocr amd64 5.3.0-2 [402 kB]
#9 1040.5 Get:216 http://mirrors.ustc.edu.cn/debian bookworm/main amd64 zstd amd64 1.5.4+dfsg2-5 [701 kB]
#9 1070.7 Ign:43 http://mirrors.ustc.edu.cn/debian bookworm/main amd64 libreoffice-style-colibre all 4:7.4.7-1+deb12u10
#9 1130.6 Ign:56 http://mirrors.ustc.edu.cn/debian bookworm/main amd64 libreoffice-common all 4:7.4.7-1+deb12u10
#9 1188.6 Get:139 http://mirrors.ustc.edu.cn/debian bookworm/main amd64 libreoffice-core amd64 4:7.4.7-1+deb12u10 [32.6 MB]
#9 1208.0 Get:198 http://mirrors.ustc.edu.cn/debian bookworm/main amd64 libreoffice-calc amd64 4:7.4.7-1+deb12u10 [7411 kB]
#9 1269.7 Get:207 http://mirrors.ustc.edu.cn/debian bookworm/main amd64 libreoffice-writer amd64 4:7.4.7-1+deb12u10 [9260 kB]
#9 1331.0 Ign:43 http://mirrors.ustc.edu.cn/debian bookworm/main amd64 libreoffice-style-colibre all 4:7.4.7-1+deb12u10
