  ▲ Next.js 14.2.31
  - Local:        http://localhost:3000
  - Environments: .env.local
  - Experiments (use with caution):
    · instrumentationHook

 ✓ Starting...
(node:4664) Warning: Setting the NODE_TLS_REJECT_UNAUTHORIZED environment variable to '0' makes TLS connections and HTTPS requests insecure by disabling certificate verification.
(Use `node --trace-warnings ...` to show where the warning was created)
 ○ Compiling /instrumentation ...
 ✓ Compiled /instrumentation in 8.2s (1135 modules)
 ✓ Ready in 31.9s
 ○ Compiling / ...
The user aborted a request.

Retrying 1/3...
The user aborted a request.

Retrying 1/3...
The user aborted a request.

Retrying 1/3...
The user aborted a request.

Retrying 1/3...
The user aborted a request.

Retrying 1/3...
The user aborted a request.

Retrying 1/3...
The user aborted a request.

Retrying 1/3...
The user aborted a request.

Retrying 1/3...
 ✓ Compiled / in 30.4s (3513 modules)
 GET / 200 in 33308ms
 ✓ Compiled in 3.2s (802 modules)
 GET / 200 in 326ms
 ○ Compiling /upload ...
 ✓ Compiled /upload in 2.3s (2712 modules)
 ✓ Compiled in 1636ms (822 modules)
 GET /api/telemetry-status 200 in 5408ms
 GET /upload?_rsc=1wtp7 200 in 5465ms
 ○ Compiling /api/can-change-keys ...
 ✓ Compiled /api/can-change-keys in 1838ms (2756 modules)
 GET /api/can-change-keys 200 in 2053ms
 GET /upload?_rsc=1xm2y 200 in 443ms
 ○ Compiling /outline ...
 ✓ Compiled /outline in 35.1s (6488 modules)
 GET /outline?_rsc=npkvc 200 in 39458ms
 GET /outline?_rsc=12q7d 200 in 170ms
 ○ Compiling /presentation ...
 ✓ Compiled /presentation in 12.7s (6638 modules)
 GET /presentation?id=e80dd160-abf7-4dd0-b8ec-52b2fac1f299&stream=true&type=standard&_rsc=1ogh8 200 in 14964ms
 GET / 200 in 1631ms
 ○ Compiling /api/telemetry-status ...
 ✓ Compiled /api/telemetry-status in 4.8s (4303 modules)
 GET /api/telemetry-status 200 in 7561ms
 GET /upload?_rsc=1wtp7 200 in 7654ms
 ○ Compiling /api/can-change-keys ...
 ✓ Compiled /api/can-change-keys in 1835ms (4305 modules)
 GET /api/can-change-keys 200 in 2318ms
 GET /upload?_rsc=1xm2y 200 in 139ms
 GET /outline?_rsc=npkvc 200 in 342ms
 GET /outline?_rsc=12q7d 200 in 88ms
 GET /presentation?id=00656da0-26f9-4d6c-8853-d98a8b904c21&stream=true&type=standard&_rsc=1ogh8 200 in 316ms
 GET / 200 in 4952ms
[?25h
